Дата и время вызова функции:2024-10-01 13:35:18.142261
Имя функции: hello_world 
Аргументы, с которыми вызывалась функция: args=() kwargs={}
Возвращаемое значение: Hello World
Дата и время вызова функции:2024-10-01 13:35:18.144258
Имя функции: summator 
Аргументы, с которыми вызывалась функция: args=(2, 2) kwargs={}
Возвращаемое значение: 4
Дата и время вызова функции:2024-10-01 13:35:18.145257
Имя функции: div 
Аргументы, с которыми вызывалась функция: args=(6, 2) kwargs={}
Возвращаемое значение: 3.0
Дата и время вызова функции:2024-10-01 13:35:18.147256
Имя функции: summator 
Аргументы, с которыми вызывалась функция: args=(4.3,) kwargs={'b': 2.2}
Возвращаемое значение: 6.5
Дата и время вызова функции:2024-10-01 13:35:18.149255
Имя функции: summator 
Аргументы, с которыми вызывалась функция: args=() kwargs={'a': 0, 'b': 0}
Возвращаемое значение: 0
